TN:
SF:/Users/sebastiencrapoulet/projects/vue-testing/src/App.vue
FNF:0
FNH:0
DA:8,0
LF:1
LH:0
BRF:0
BRH:0
end_of_record
TN:
SF:/Users/sebastiencrapoulet/projects/vue-testing/src/main.js
FN:7,(anonymous_0)
FNF:1
FNH:0
FNDA:0,(anonymous_0)
DA:4,0
DA:6,0
DA:7,0
LF:3
LH:0
BRF:0
BRH:0
end_of_record
TN:
SF:/Users/sebastiencrapoulet/projects/vue-testing/src/components/FormElement.vue
FN:10,(anonymous_1)
FN:17,(anonymous_2)
FN:22,(anonymous_3)
FNF:3
FNH:3
FNDA:12,(anonymous_1)
FNDA:1,(anonymous_2)
FNDA:1,(anonymous_3)
DA:11,12
DA:18,1
DA:23,1
LF:3
LH:3
BRF:0
BRH:0
end_of_record
